<?xml version="1.0" encoding="UTF-8"?>
<robot generator="Robot 7.1 (Python 3.12.6 on win32)" generated="2024-11-08T16:23:58.377579" rpa="false" schemaversion="5">
<suite id="s1" name="Test" source="D:\python\robotFrameworkTesting\New folder\test.robot">
<test id="s1-t1" name="cart price updates when quantity is modified" line="219">
<kw name="Login to application" owner="login">
<kw name="Open Browser" owner="SeleniumLibrary">
<msg time="2024-11-08T16:23:58.685309" level="INFO">Opening browser 'firefox' to base url 'https://www.amazon.in/'.</msg>
<arg>${url}</arg>
<doc>Opens a new browser instance to the optional ``url``.</doc>
<status status="PASS" start="2024-11-08T16:23:58.684310" elapsed="271.110856"/>
</kw>
<kw name="Maximize Browser Window" owner="SeleniumLibrary">
<msg time="2024-11-08T16:28:29.856013" level="WARN">Keyword 'Capture Page Screenshot' could not be run on failure: Message: WebDriver session does not exist, or is not active
Stacktrace:
RemoteError@chrome://remote/content/shared/RemoteError.sys.mjs:8:8
WebDriverError@chrome://remote/content/shared/webdriver/Errors.sys.mjs:193:5
InvalidSessionIDError@chrome://remote/content/shared/webdriver/Errors.sys.mjs:448:5
assert.that/&lt;@chrome://remote/content/shared/webdriver/Assert.sys.mjs:515:13
assert.session@chrome://remote/content/shared/webdriver/Assert.sys.mjs:37:4
despatch@chrome://remote/content/marionette/server.sys.mjs:315:19
execute@chrome://remote/content/marionette/server.sys.mjs:289:16
onPacket/&lt;@chrome://remote/content/marionette/server.sys.mjs:262:20
onPacket@chrome://remote/content/marionette/server.sys.mjs:263:9
_onJSONObjectReady/&lt;@chrome://remote/content/marionette/transport.sys.mjs:494:20
</msg>
<msg time="2024-11-08T16:28:29.860019" level="FAIL">NoSuchWindowException: Message: Browsing context has been discarded
Stacktrace:
RemoteError@chrome://remote/content/shared/RemoteError.sys.mjs:8:8
WebDriverError@chrome://remote/content/shared/webdriver/Errors.sys.mjs:193:5
NoSuchWindowError@chrome://remote/content/shared/webdriver/Errors.sys.mjs:679:5
assert.that/&lt;@chrome://remote/content/shared/webdriver/Assert.sys.mjs:515:13
assert.open@chrome://remote/content/shared/webdriver/Assert.sys.mjs:147:4
GeckoDriver.prototype.maximizeWindow@chrome://remote/content/marionette/driver.sys.mjs:2719:15
despatch@chrome://remote/content/marionette/server.sys.mjs:318:40
execute@chrome://remote/content/marionette/server.sys.mjs:289:16
onPacket/&lt;@chrome://remote/content/marionette/server.sys.mjs:262:20
onPacket@chrome://remote/content/marionette/server.sys.mjs:263:9
_onJSONObjectReady/&lt;@chrome://remote/content/marionette/transport.sys.mjs:494:20
</msg>
<doc>Maximizes current browser window.</doc>
<status status="FAIL" start="2024-11-08T16:28:29.796192" elapsed="0.094825">NoSuchWindowException: Message: Browsing context has been discarded
Stacktrace:
RemoteError@chrome://remote/content/shared/RemoteError.sys.mjs:8:8
WebDriverError@chrome://remote/content/shared/webdriver/Errors.sys.mjs:193:5
NoSuchWindowError@chrome://remote/content/shared/webdriver/Errors.sys.mjs:679:5
assert.that/&lt;@chrome://remote/content/shared/webdriver/Assert.sys.mjs:515:13
assert.open@chrome://remote/content/shared/webdriver/Assert.sys.mjs:147:4
GeckoDriver.prototype.maximizeWindow@chrome://remote/content/marionette/driver.sys.mjs:2719:15
despatch@chrome://remote/content/marionette/server.sys.mjs:318:40
execute@chrome://remote/content/marionette/server.sys.mjs:289:16
onPacket/&lt;@chrome://remote/content/marionette/server.sys.mjs:262:20
onPacket@chrome://remote/content/marionette/server.sys.mjs:263:9
_onJSONObjectReady/&lt;@chrome://remote/content/marionette/transport.sys.mjs:494:20
</status>
</kw>
<kw name="Title Should Be" owner="SeleniumLibrary">
<arg>${title_text}</arg>
<doc>Verifies that the current page title equals ``title``.</doc>
<status status="NOT RUN" start="2024-11-08T16:28:29.892014" elapsed="0.000000"/>
</kw>
<kw name="Click Element" owner="SeleniumLibrary">
<arg>id=nav-link-accountList-nav-line-1</arg>
<doc>Click the element identified by ``locator``.</doc>
<status status="NOT RUN" start="2024-11-08T16:28:29.892014" elapsed="0.000000"/>
</kw>
<kw name="Title Should Be" owner="SeleniumLibrary">
<arg>${title_sign_in}</arg>
<doc>Verifies that the current page title equals ``title``.</doc>
<status status="NOT RUN" start="2024-11-08T16:28:29.892014" elapsed="0.000000"/>
</kw>
<kw name="Input Text" owner="SeleniumLibrary">
<arg>id=ap_email</arg>
<arg>7976867033</arg>
<doc>Types the given ``text`` into the text field identified by ``locator``.</doc>
<status status="NOT RUN" start="2024-11-08T16:28:29.892014" elapsed="0.000000"/>
</kw>
<kw name="Click Element" owner="SeleniumLibrary">
<arg>id=continue</arg>
<doc>Click the element identified by ``locator``.</doc>
<status status="NOT RUN" start="2024-11-08T16:28:29.893017" elapsed="0.000000"/>
</kw>
<kw name="Title Should Be" owner="SeleniumLibrary">
<arg>${title_sign_in}</arg>
<doc>Verifies that the current page title equals ``title``.</doc>
<status status="NOT RUN" start="2024-11-08T16:28:29.893017" elapsed="0.000000"/>
</kw>
<kw name="Input Text" owner="SeleniumLibrary">
<arg>id=ap_password</arg>
<arg>rahulbadser02@gmail.com</arg>
<doc>Types the given ``text`` into the text field identified by ``locator``.</doc>
<status status="NOT RUN" start="2024-11-08T16:28:29.893017" elapsed="0.000000"/>
</kw>
<kw name="Click Element" owner="SeleniumLibrary">
<arg>id=signInSubmit</arg>
<doc>Click the element identified by ``locator``.</doc>
<status status="NOT RUN" start="2024-11-08T16:28:29.893017" elapsed="0.000000"/>
</kw>
<status status="FAIL" start="2024-11-08T16:23:58.684310" elapsed="271.208707">NoSuchWindowException: Message: Browsing context has been discarded
Stacktrace:
RemoteError@chrome://remote/content/shared/RemoteError.sys.mjs:8:8
WebDriverError@chrome://remote/content/shared/webdriver/Errors.sys.mjs:193:5
NoSuchWindowError@chrome://remote/content/shared/webdriver/Errors.sys.mjs:679:5
assert.that/&lt;@chrome://remote/content/shared/webdriver/Assert.sys.mjs:515:13
assert.open@chrome://remote/content/shared/webdriver/Assert.sys.mjs:147:4
GeckoDriver.prototype.maximizeWindow@chrome://remote/content/marionette/driver.sys.mjs:2719:15
despatch@chrome://remote/content/marionette/server.sys.mjs:318:40
execute@chrome://remote/content/marionette/server.sys.mjs:289:16
onPacket/&lt;@chrome://remote/content/marionette/server.sys.mjs:262:20
onPacket@chrome://remote/content/marionette/server.sys.mjs:263:9
_onJSONObjectReady/&lt;@chrome://remote/content/marionette/transport.sys.mjs:494:20
</status>
</kw>
<kw name="Sleep" owner="BuiltIn">
<arg>10</arg>
<doc>Pauses the test executed for the given time.</doc>
<status status="NOT RUN" start="2024-11-08T16:28:29.894011" elapsed="0.000000"/>
</kw>
<kw name="Go To" owner="SeleniumLibrary">
<arg>https://www.amazon.in/s?k=pen&amp;crid=4EYD3H8MXK1B&amp;sprefix=%2Caps%2C553&amp;ref=nb_sb_ss_recent_1_0_recent</arg>
<doc>Navigates the current browser window to the provided ``url``.</doc>
<status status="NOT RUN" start="2024-11-08T16:28:29.894011" elapsed="0.000000"/>
</kw>
<kw name="Click Element" owner="SeleniumLibrary">
<arg>id=a-autoid-1-announce</arg>
<doc>Click the element identified by ``locator``.</doc>
<status status="NOT RUN" start="2024-11-08T16:28:29.895014" elapsed="0.000000"/>
</kw>
<kw name="Sleep" owner="BuiltIn">
<arg>10</arg>
<doc>Pauses the test executed for the given time.</doc>
<status status="NOT RUN" start="2024-11-08T16:28:29.896021" elapsed="0.000000"/>
</kw>
<kw name="Click Element" owner="SeleniumLibrary">
<arg>id=nav-cart-count</arg>
<doc>Click the element identified by ``locator``.</doc>
<status status="NOT RUN" start="2024-11-08T16:28:29.896021" elapsed="0.000000"/>
</kw>
<kw name="Get Text" owner="SeleniumLibrary">
<var>${initial_price}</var>
<arg>xpath=(//span[@class='a-price-whole'])[1]</arg>
<doc>Returns the text value of the element identified by ``locator``.</doc>
<status status="NOT RUN" start="2024-11-08T16:28:29.898017" elapsed="0.001001"/>
</kw>
<kw name="Set Suite Variable" owner="BuiltIn">
<arg>${initial_price}</arg>
<doc>Makes a variable available everywhere within the scope of the current suite.</doc>
<status status="NOT RUN" start="2024-11-08T16:28:29.899018" elapsed="0.001001"/>
</kw>
<kw name="Log" owner="BuiltIn">
<arg>${initial_price}</arg>
<doc>Logs the given message with the given level.</doc>
<status status="NOT RUN" start="2024-11-08T16:28:29.900019" elapsed="0.000000"/>
</kw>
<kw name="Click Element" owner="SeleniumLibrary">
<arg>xpath=//span[@id='a-autoid-0-announce']</arg>
<doc>Click the element identified by ``locator``.</doc>
<status status="NOT RUN" start="2024-11-08T16:28:29.901042" elapsed="0.000000"/>
</kw>
<kw name="Click Element" owner="SeleniumLibrary">
<arg>id=quantity_2</arg>
<doc>Click the element identified by ``locator``.</doc>
<status status="NOT RUN" start="2024-11-08T16:28:29.902040" elapsed="0.000000"/>
</kw>
<kw name="Wait Until Page Contains Element" owner="SeleniumLibrary">
<arg>xpath=//span[@class='a-price-whole']</arg>
<doc>Waits until the element ``locator`` appears on the current page.</doc>
<status status="NOT RUN" start="2024-11-08T16:28:29.903051" elapsed="0.000000"/>
</kw>
<kw name="Get Text" owner="SeleniumLibrary">
<var>${updated_price}</var>
<arg>xpath=(//span[@id='currencyINR'])[1]</arg>
<doc>Returns the text value of the element identified by ``locator``.</doc>
<status status="NOT RUN" start="2024-11-08T16:28:29.904045" elapsed="0.000000"/>
</kw>
<kw name="Log" owner="BuiltIn">
<arg>${updated_price}</arg>
<doc>Logs the given message with the given level.</doc>
<status status="NOT RUN" start="2024-11-08T16:28:29.905059" elapsed="0.000000"/>
</kw>
<kw name="Should Not Be Equal As Strings" owner="BuiltIn">
<arg>${initial_price}</arg>
<arg>${updated_price}</arg>
<doc>Fails if objects are equal after converting them to strings.</doc>
<status status="NOT RUN" start="2024-11-08T16:28:29.906036" elapsed="0.000000"/>
</kw>
<status status="FAIL" start="2024-11-08T16:23:58.683305" elapsed="271.224736">NoSuchWindowException: Message: Browsing context has been discarded
Stacktrace:
RemoteError@chrome://remote/content/shared/RemoteError.sys.mjs:8:8
WebDriverError@chrome://remote/content/shared/webdriver/Errors.sys.mjs:193:5
NoSuchWindowError@chrome://remote/content/shared/webdriver/Errors.sys.mjs:679:5
assert.that/&lt;@chrome://remote/content/shared/webdriver/Assert.sys.mjs:515:13
assert.open@chrome://remote/content/shared/webdriver/Assert.sys.mjs:147:4
GeckoDriver.prototype.maximizeWindow@chrome://remote/content/marionette/driver.sys.mjs:2719:15
despatch@chrome://remote/content/marionette/server.sys.mjs:318:40
execute@chrome://remote/content/marionette/server.sys.mjs:289:16
onPacket/&lt;@chrome://remote/content/marionette/server.sys.mjs:262:20
onPacket@chrome://remote/content/marionette/server.sys.mjs:263:9
_onJSONObjectReady/&lt;@chrome://remote/content/marionette/transport.sys.mjs:494:20
</status>
</test>
<status status="FAIL" start="2024-11-08T16:23:58.378582" elapsed="271.532453"/>
</suite>
<statistics>
<total>
<stat pass="0" fail="1" skip="0">All Tests</stat>
</total>
<tag>
</tag>
<suite>
<stat pass="0" fail="1" skip="0" id="s1" name="Test">Test</stat>
</suite>
</statistics>
<errors>
<msg time="2024-11-08T16:28:29.856013" level="WARN">Keyword 'Capture Page Screenshot' could not be run on failure: Message: WebDriver session does not exist, or is not active
Stacktrace:
RemoteError@chrome://remote/content/shared/RemoteError.sys.mjs:8:8
WebDriverError@chrome://remote/content/shared/webdriver/Errors.sys.mjs:193:5
InvalidSessionIDError@chrome://remote/content/shared/webdriver/Errors.sys.mjs:448:5
assert.that/&lt;@chrome://remote/content/shared/webdriver/Assert.sys.mjs:515:13
assert.session@chrome://remote/content/shared/webdriver/Assert.sys.mjs:37:4
despatch@chrome://remote/content/marionette/server.sys.mjs:315:19
execute@chrome://remote/content/marionette/server.sys.mjs:289:16
onPacket/&lt;@chrome://remote/content/marionette/server.sys.mjs:262:20
onPacket@chrome://remote/content/marionette/server.sys.mjs:263:9
_onJSONObjectReady/&lt;@chrome://remote/content/marionette/transport.sys.mjs:494:20
</msg>
</errors>
</robot>
